xprop: error: Invalid window id format: 0x0.
xprop: error: Invalid window id format: 0x0.
xprop: error: Invalid window id format: 0x0.
xprop: error: Invalid window id format: 0x0.
xprop: error: Invalid window id format: 0x0.
xprop: error: Invalid window id format: 0x0.
xprop: error: Invalid window id format: 0x0.
xprop: error: Invalid window id format: 0x0.
[S_API] SteamAPI_Init(): SteamAPI_IsSteamRunning() did not locate a running instance of Steam.
[S_API] SteamAPI_Init(): Loaded '/home/zedmor/.local/share/Steam/linux64/steamclient.so' OK.
[S_API FAIL] SteamAPI_Init() failed; create pipe failed.[S_API FAIL] Tried to access Steam interface SteamUser020 before SteamAPI_Init succeeded.
[S_API] SteamAPI_Init(): SteamAPI_IsSteamRunning() did not locate a running instance of Steam.
[S_API] SteamAPI_Init(): Loaded '/home/zedmor/.local/share/Steam/linux64/steamclient.so' OK.
[S_API FAIL] SteamAPI_Init() failed; create pipe failed.[S_API FAIL] Tried to access Steam interface SteamUtils009 before SteamAPI_Init succeeded.
[S_API] SteamAPI_Init(): SteamAPI_IsSteamRunning() did not locate a running instance of Steam.
[S_API] SteamAPI_Init(): Loaded '/home/zedmor/.local/share/Steam/linux64/steamclient.so' OK.
[S_API FAIL] SteamAPI_Init() failed; create pipe failed.[S_API] SteamAPI_Init(): SteamAPI_IsSteamRunning() did not locate a running instance of Steam.
[S_API] SteamAPI_Init(): Loaded '/home/zedmor/.local/share/Steam/linux64/steamclient.so' OK.
[S_API FAIL] SteamAPI_Init() failed; create pipe failed.[S_API] SteamAPI_Init(): SteamAPI_IsSteamRunning() did not locate a running instance of Steam.
[S_API] SteamAPI_Init(): Loaded '/home/zedmor/.local/share/Steam/linux64/steamclient.so' OK.
[S_API FAIL] SteamAPI_Init() failed; create pipe failed.[S_API FAIL] Tried to access Steam interface SteamUtils009 before SteamAPI_Init succeeded.
[S_API] SteamAPI_Init(): SteamAPI_IsSteamRunning() did not locate a running instance of Steam.
[S_API] SteamAPI_Init(): Loaded '/home/zedmor/.local/share/Steam/linux64/steamclient.so' OK.
[S_API FAIL] SteamAPI_Init() failed; create pipe failed.[S_API FAIL] Tried to access Steam interface SteamUser020 before SteamAPI_Init succeeded.
[S_API FAIL] Tried to access Steam interface SteamFriends017 before SteamAPI_Init succeeded.
[S_API] SteamAPI_Init(): Loaded '/home/zedmor/.local/share/Steam/linux64/steamclient.so' OK.
Setting breakpad minidump AppID = 394360
Steam_SetMinidumpSteamID:  Caching Steam ID:  76561197992265751 [API loaded no]
